#
# There is insufficient memory for the Java Runtime Environment to continue.
# Native memory allocation (malloc) failed to allocate 32744 bytes for ChunkPool::allocate
# Possible reasons:
#   The system is out of physical RAM or swap space
#   In 32 bit mode, the process size limit was hit
# Possible solutions:
#   Reduce memory load on the system
#   Increase physical memory or swap space
#   Check if swap backing store is full
#   Use 64 bit Java on a 64 bit OS
#   Decrease Java heap size (-Xmx/-Xms)
#   Decrease number of Java threads
#   Decrease Java thread stack sizes (-Xss)
#   Set larger code cache with -XX:ReservedCodeCacheSize=
# This output file may be truncated or incomplete.
#
#  Out of Memory Error (allocation.cpp:273), pid=1428, tid=0x00000000000018a4
#
# JRE version: Java(TM) SE Runtime Environment (8.0_131-b11) (build 1.8.0_131-b11)
# Java VM: Java HotSpot(TM) 64-Bit Server VM (25.131-b11 mixed mode windows-amd64 compressed oops)
# Failed to write core dump. Minidumps are not enabled by default on client versions of Windows
#

---------------  T H R E A D  ---------------

Current thread (0x000000001540c000):  JavaThread "C1 CompilerThread1" daemon [_thread_in_native, id=6308, stack(0x0000000016520000,0x0000000016620000)]

Stack: [0x0000000016520000,0x0000000016620000]
[error occurred during error reporting (printing stack bounds), id 0xc0000005]

Native frames: (J=compiled Java code, j=interpreted, Vv=VM code, C=native code)


Current CompileTask:
C1:  10533 3103       1       sun.misc.ProxyGenerator$ProxyMethod::generateMethod (733 bytes)


---------------  P R O C E S S  ---------------

Java Threads: ( => current thread )
  0x0000000019073800 JavaThread "HikariPool-1 connection adder" daemon [_thread_blocked, id=3992, stack(0x000000001aa60000,0x000000001ab60000)]
  0x0000000018edc800 JavaThread "HikariPool-1 housekeeper" daemon [_thread_blocked, id=6884, stack(0x000000001a960000,0x000000001aa60000)]
  0x0000000018cc5800 JavaThread "task-1" [_thread_blocked, id=1316, stack(0x000000001a160000,0x000000001a260000)]
  0x0000000018b39000 JavaThread "mysql-cj-abandoned-connection-cleanup" daemon [_thread_blocked, id=6348, stack(0x0000000018290000,0x0000000018390000)]
  0x0000000017206000 JavaThread "RMI TCP Accept-0" daemon [_thread_in_native, id=6172, stack(0x0000000017890000,0x0000000017990000)]
  0x0000000017201800 JavaThread "RMI TCP Accept-51759" daemon [_thread_in_native, id=5456, stack(0x0000000017790000,0x0000000017890000)]
  0x00000000171f2000 JavaThread "RMI TCP Accept-0" daemon [_thread_in_native, id=5468, stack(0x0000000017690000,0x0000000017790000)]
  0x000000001546f000 JavaThread "Service Thread" daemon [_thread_blocked, id=1688, stack(0x0000000016620000,0x0000000016720000)]
=>0x000000001540c000 JavaThread "C1 CompilerThread1" daemon [_thread_in_native, id=6308, stack(0x0000000016520000,0x0000000016620000)]
  0x0000000015403800 JavaThread "C2 CompilerThread0" daemon [_thread_blocked, id=1580, stack(0x0000000016420000,0x0000000016520000)]
  0x0000000015401000 JavaThread "Attach Listener" daemon [_thread_blocked, id=6224, stack(0x0000000016320000,0x0000000016420000)]
  0x00000000153ff800 JavaThread "Signal Dispatcher" daemon [_thread_blocked, id=6208, stack(0x0000000016220000,0x0000000016320000)]
  0x00000000153ee000 JavaThread "Finalizer" daemon [_thread_blocked, id=192, stack(0x0000000016040000,0x0000000016140000)]
  0x0000000001f78800 JavaThread "Reference Handler" daemon [_thread_blocked, id=4160, stack(0x0000000015f40000,0x0000000016040000)]
  0x0000000001e8a800 JavaThread "main" [_thread_blocked, id=5108, stack(0x0000000001d80000,0x0000000001e80000)]

Other Threads:
  0x00000000153c7000 VMThread [stack: 0x0000000015e40000,0x0000000015f40000] [id=6200]
  0x0000000017210000 WatcherThread [stack: 0x0000000017990000,0x0000000017a90000] [id=4900]

VM state:at safepoint (normal execution)

VM Mutex/Monitor currently owned by a thread:  ([mutex/lock_event])
[0x0000000001e86c10] Threads_lock - owner thread: 0x00000000153c7000

Heap:
 PSYoungGen      total 197120K, used 19054K [0x00000000e1900000, 0x00000000f1200000, 0x0000000100000000)
  eden space 187392K, 10% used [0x00000000e1900000,0x00000000e2b9b9d0,0x00000000ed000000)
  from space 9728K, 0% used [0x00000000ed000000,0x00000000ed000000,0x00000000ed980000)
  to   space 12288K, 0% used [0x00000000f0600000,0x00000000f0600000,0x00000000f1200000)
 ParOldGen       total 65024K, used 19197K [0x00000000a4a00000, 0x00000000a8980000, 0x00000000e1900000)
  object space 65024K, 29% used [0x00000000a4a00000,0x00000000a5cbf608,0x00000000a8980000)
 Metaspace       used 34835K, capacity 37050K, committed 37288K, reserved 1083392K
  class space    used 4864K, capacity 5239K, committed 5288K, reserved 1048576K

Card table byte_map: [0x0000000011340000,0x0000000011620000] byte_map_base: 0x0000000010e1b000

Marking Bits: (ParMarkBitMap*) 0x0000000073aac720
 Begin Bits: [0x0000000011a10000, 0x00000000130e8000)
 End Bits:   [0x00000000130e8000, 0x00000000147c0000)

Polling page: 0x00000000004a0000

CodeCache: size=245760Kb used=6292Kb max_used=6292Kb free=239467Kb
 bounds [0x0000000001f80000, 0x00000000025b0000, 0x0000000010f80000]
 total_blobs=3564 nmethods=3101 adapters=376
 compilation: enabled

Compilation events (10 events):
Event: 10.135 Thread 0x000000001540c000 nmethod 3098 0x00000000025a3790 code [0x00000000025a3960, 0x00000000025a3d98]
Event: 10.143 Thread 0x000000001540c000 3099       1       com.mysql.cj.protocol.a.NativeProtocol::getServerSession (5 bytes)
Event: 10.143 Thread 0x000000001540c000 nmethod 3099 0x00000000025a4090 code [0x00000000025a41e0, 0x00000000025a42f0]
Event: 10.143 Thread 0x000000001540c000 3100       1       com.mysql.cj.protocol.a.NativePacketPayload::setPosition (6 bytes)
Event: 10.143 Thread 0x000000001540c000 nmethod 3100 0x00000000025a4350 code [0x00000000025a44a0, 0x00000000025a45b0]
Event: 10.143 Thread 0x000000001540c000 3101       1       com.mysql.cj.protocol.ReadAheadInputStream::checkClosed (18 bytes)
Event: 10.143 Thread 0x000000001540c000 nmethod 3101 0x00000000025a4610 code [0x00000000025a4780, 0x00000000025a4948]
Event: 10.144 Thread 0x000000001540c000 3102       1       java.nio.charset.Charset::lookup (44 bytes)
Event: 10.144 Thread 0x000000001540c000 nmethod 3102 0x00000000025a4a10 code [0x00000000025a4ba0, 0x00000000025a4e28]
Event: 10.212 Thread 0x000000001540c000 3103       1       sun.misc.ProxyGenerator$ProxyMethod::generateMethod (733 bytes)

GC Heap History (10 events):
Event: 4.634 GC heap before
{Heap before GC invocations=7 (full 0):
 PSYoungGen      total 102400K, used 10554K [0x00000000e1900000, 0x00000000e8700000, 0x0000000100000000)
  eden space 95232K, 3% used [0x00000000e1900000,0x00000000e1c51dd0,0x00000000e7600000)
  from space 7168K, 99% used [0x00000000e7e00000,0x00000000e84fcda8,0x00000000e8500000)
  to   space 8192K, 0% used [0x00000000e7600000,0x00000000e7600000,0x00000000e7e00000)
 ParOldGen       total 62976K, used 9609K [0x00000000a4a00000, 0x00000000a8780000, 0x00000000e1900000)
  object space 62976K, 15% used [0x00000000a4a00000,0x00000000a5362560,0x00000000a8780000)
 Metaspace       used 20189K, capacity 21168K, committed 21296K, reserved 1067008K
  class space    used 2715K, capacity 2938K, committed 2944K, reserved 1048576K
Event: 4.651 GC heap after
Heap after GC invocations=7 (full 0):
 PSYoungGen      total 103424K, used 3822K [0x00000000e1900000, 0x00000000ee300000, 0x0000000100000000)
  eden space 95232K, 0% used [0x00000000e1900000,0x00000000e1900000,0x00000000e7600000)
  from space 8192K, 46% used [0x00000000e7600000,0x00000000e79bb9c8,0x00000000e7e00000)
  to   space 8192K, 0% used [0x00000000edb00000,0x00000000edb00000,0x00000000ee300000)
 ParOldGen       total 62976K, used 11655K [0x00000000a4a00000, 0x00000000a8780000, 0x00000000e1900000)
  object space 62976K, 18% used [0x00000000a4a00000,0x00000000a5561ef8,0x00000000a8780000)
 Metaspace       used 20189K, capacity 21168K, committed 21296K, reserved 1067008K
  class space    used 2715K, capacity 2938K, committed 2944K, reserved 1048576K
}
Event: 4.651 GC heap before
{Heap before GC invocations=8 (full 1):
 PSYoungGen      total 103424K, used 3822K [0x00000000e1900000, 0x00000000ee300000, 0x0000000100000000)
  eden space 95232K, 0% used [0x00000000e1900000,0x00000000e1900000,0x00000000e7600000)
  from space 8192K, 46% used [0x00000000e7600000,0x00000000e79bb9c8,0x00000000e7e00000)
  to   space 8192K, 0% used [0x00000000edb00000,0x00000000edb00000,0x00000000ee300000)
 ParOldGen       total 62976K, used 11655K [0x00000000a4a00000, 0x00000000a8780000, 0x00000000e1900000)
  object space 62976K, 18% used [0x00000000a4a00000,0x00000000a5561ef8,0x00000000a8780000)
 Metaspace       used 20189K, capacity 21168K, committed 21296K, reserved 1067008K
  class space    used 2715K, capacity 2938K, committed 2944K, reserved 1048576K
Event: 4.749 GC heap after
Heap after GC invocations=8 (full 1):
 PSYoungGen      total 103424K, used 0K [0x00000000e1900000, 0x00000000ee300000, 0x0000000100000000)
  eden space 95232K, 0% used [0x00000000e1900000,0x00000000e1900000,0x00000000e7600000)
  from space 8192K, 0% used [0x00000000e7600000,0x00000000e7600000,0x00000000e7e00000)
  to   space 8192K, 0% used [0x00000000edb00000,0x00000000edb00000,0x00000000ee300000)
 ParOldGen       total 40960K, used 7152K [0x00000000a4a00000, 0x00000000a7200000, 0x00000000e1900000)
  object space 40960K, 17% used [0x00000000a4a00000,0x00000000a50fc3d0,0x00000000a7200000)
 Metaspace       used 20189K, capacity 21168K, committed 21296K, reserved 1067008K
  class space    used 2715K, capacity 2938K, committed 2944K, reserved 1048576K
}
Event: 7.704 GC heap before
{Heap before GC invocations=9 (full 1):
 PSYoungGen      total 103424K, used 95215K [0x00000000e1900000, 0x00000000ee300000, 0x0000000100000000)
  eden space 95232K, 99% used [0x00000000e1900000,0x00000000e75fbd40,0x00000000e7600000)
  from space 8192K, 0% used [0x00000000e7600000,0x00000000e7600000,0x00000000e7e00000)
  to   space 8192K, 0% used [0x00000000edb00000,0x00000000edb00000,0x00000000ee300000)
 ParOldGen       total 40960K, used 7152K [0x00000000a4a00000, 0x00000000a7200000, 0x00000000e1900000)
  object space 40960K, 17% used [0x00000000a4a00000,0x00000000a50fc3d0,0x00000000a7200000)
 Metaspace       used 25943K, capacity 27746K, committed 28032K, reserved 1073152K
  class space    used 3565K, capacity 3889K, committed 3968K, reserved 1048576K
Event: 7.728 GC heap after
Heap after GC invocations=9 (full 1):
 PSYoungGen      total 172032K, used 8176K [0x00000000e1900000, 0x00000000ee300000, 0x0000000100000000)
  eden space 163840K, 0% used [0x00000000e1900000,0x00000000e1900000,0x00000000eb900000)
  from space 8192K, 99% used [0x00000000edb00000,0x00000000ee2fc170,0x00000000ee300000)
  to   space 9728K, 0% used [0x00000000ed000000,0x00000000ed000000,0x00000000ed980000)
 ParOldGen       total 40960K, used 8196K [0x00000000a4a00000, 0x00000000a7200000, 0x00000000e1900000)
  object space 40960K, 20% used [0x00000000a4a00000,0x00000000a52010d0,0x00000000a7200000)
 Metaspace       used 25943K, capacity 27746K, committed 28032K, reserved 1073152K
  class space    used 3565K, capacity 3889K, committed 3968K, reserved 1048576K
}
Event: 9.477 GC heap before
{Heap before GC invocations=10 (full 1):
 PSYoungGen      total 172032K, used 121504K [0x00000000e1900000, 0x00000000ee300000, 0x0000000100000000)
  eden space 163840K, 69% used [0x00000000e1900000,0x00000000e87abee0,0x00000000eb900000)
  from space 8192K, 99% used [0x00000000edb00000,0x00000000ee2fc170,0x00000000ee300000)
  to   space 9728K, 0% used [0x00000000ed000000,0x00000000ed000000,0x00000000ed980000)
 ParOldGen       total 40960K, used 8196K [0x00000000a4a00000, 0x00000000a7200000, 0x00000000e1900000)
  object space 40960K, 20% used [0x00000000a4a00000,0x00000000a52010d0,0x00000000a7200000)
 Metaspace       used 33344K, capacity 35430K, committed 35496K, reserved 1079296K
  class space    used 4634K, capacity 4997K, committed 5032K, reserved 1048576K
Event: 9.505 GC heap after
Heap after GC invocations=10 (full 1):
 PSYoungGen      total 197120K, used 9726K [0x00000000e1900000, 0x00000000f1200000, 0x0000000100000000)
  eden space 187392K, 0% used [0x00000000e1900000,0x00000000e1900000,0x00000000ed000000)
  from space 9728K, 99% used [0x00000000ed000000,0x00000000ed97fb78,0x00000000ed980000)
  to   space 12288K, 0% used [0x00000000f0600000,0x00000000f0600000,0x00000000f1200000)
 ParOldGen       total 40960K, used 11497K [0x00000000a4a00000, 0x00000000a7200000, 0x00000000e1900000)
  object space 40960K, 28% used [0x00000000a4a00000,0x00000000a553a440,0x00000000a7200000)
 Metaspace       used 33344K, capacity 35430K, committed 35496K, reserved 1079296K
  class space    used 4634K, capacity 4997K, committed 5032K, reserved 1048576K
}
Event: 9.505 GC heap before
{Heap before GC invocations=11 (full 2):
 PSYoungGen      total 197120K, used 9726K [0x00000000e1900000, 0x00000000f1200000, 0x0000000100000000)
  eden space 187392K, 0% used [0x00000000e1900000,0x00000000e1900000,0x00000000ed000000)
  from space 9728K, 99% used [0x00000000ed000000,0x00000000ed97fb78,0x00000000ed980000)
  to   space 12288K, 0% used [0x00000000f0600000,0x00000000f0600000,0x00000000f1200000)
 ParOldGen       total 40960K, used 11497K [0x00000000a4a00000, 0x00000000a7200000, 0x00000000e1900000)
  object space 40960K, 28% used [0x00000000a4a00000,0x00000000a553a440,0x00000000a7200000)
 Metaspace       used 33344K, capacity 35430K, committed 35496K, reserved 1079296K
  class space    used 4634K, capacity 4997K, committed 5032K, reserved 1048576K
Event: 9.658 GC heap after
Heap after GC invocations=11 (full 2):
 PSYoungGen      total 197120K, used 0K [0x00000000e1900000, 0x00000000f1200000, 0x0000000100000000)
  eden space 187392K, 0% used [0x00000000e1900000,0x00000000e1900000,0x00000000ed000000)
  from space 9728K, 0% used [0x00000000ed000000,0x00000000ed000000,0x00000000ed980000)
  to   space 12288K, 0% used [0x00000000f0600000,0x00000000f0600000,0x00000000f1200000)
 ParOldGen       total 65024K, used 19197K [0x00000000a4a00000, 0x00000000a8980000, 0x00000000e1900000)
  object space 65024K, 29% used [0x00000000a4a00000,0x00000000a5cbf608,0x00000000a8980000)
 Metaspace       used 33344K, capacity 35430K, committed 35496K, reserved 1079296K
  class space    used 4634K, capacity 4997K, committed 5032K, reserved 1048576K
}

Deoptimization events (0 events):
No events

Internal exceptions (10 events):
Event: 8.591 Thread 0x0000000001e8a800 Exception <a 'java/lang/ArrayIndexOutOfBoundsException'> (0x00000000e52a6f30) thrown at [C:\re\workspace\8-2-build-windows-amd64-cygwin\jdk8u131\8869\hotspot\src\share\vm\runtime\sharedRuntime.cpp, line 605]
Event: 8.593 Thread 0x0000000001e8a800 Exception <a 'java/lang/ArrayIndexOutOfBoundsException'> (0x00000000e52b10a0) thrown at [C:\re\workspace\8-2-build-windows-amd64-cygwin\jdk8u131\8869\hotspot\src\share\vm\runtime\sharedRuntime.cpp, line 605]
Event: 8.613 Thread 0x0000000001e8a800 Exception <a 'java/lang/ArrayIndexOutOfBoundsException'> (0x00000000e5354208) thrown at [C:\re\workspace\8-2-build-windows-amd64-cygwin\jdk8u131\8869\hotspot\src\share\vm\runtime\sharedRuntime.cpp, line 605]
Event: 8.614 Thread 0x0000000001e8a800 Exception <a 'java/lang/ArrayIndexOutOfBoundsException'> (0x00000000e5365f68) thrown at [C:\re\workspace\8-2-build-windows-amd64-cygwin\jdk8u131\8869\hotspot\src\share\vm\runtime\sharedRuntime.cpp, line 605]
Event: 10.230 Thread 0x0000000001e8a800 Exception <a 'java/lang/ArrayIndexOutOfBoundsException'> (0x00000000e276f9a0) thrown at [C:\re\workspace\8-2-build-windows-amd64-cygwin\jdk8u131\8869\hotspot\src\share\vm\runtime\sharedRuntime.cpp, line 605]
Event: 10.231 Thread 0x0000000001e8a800 Exception <a 'java/lang/ArrayIndexOutOfBoundsException'> (0x00000000e27711f8) thrown at [C:\re\workspace\8-2-build-windows-amd64-cygwin\jdk8u131\8869\hotspot\src\share\vm\runtime\sharedRuntime.cpp, line 605]
Event: 10.254 Thread 0x0000000019073800 Exception <a 'java/lang/OutOfMemoryError'> (0x00000000e24f6070) thrown at [C:\re\workspace\8-2-build-windows-amd64-cygwin\jdk8u131\8869\hotspot\src\share\vm\prims\jni.cpp, line 735]
Event: 10.254 Thread 0x0000000019073800 Exception <a 'java/lang/OutOfMemoryError'> (0x00000000e24f6070) thrown at [C:\re\workspace\8-2-build-windows-amd64-cygwin\jdk8u131\8869\hotspot\src\share\vm\prims\jvm.cpp, line 1394]
Event: 10.262 Thread 0x0000000019073800 Exception <a 'java/lang/OutOfMemoryError'> (0x00000000e256fc98) thrown at [C:\re\workspace\8-2-build-windows-amd64-cygwin\jdk8u131\8869\hotspot\src\share\vm\prims\jni.cpp, line 735]
Event: 10.262 Thread 0x0000000019073800 Exception <a 'java/lang/OutOfMemoryError'> (0x00000000e256fc98) thrown at [C:\re\workspace\8-2-build-windows-amd64-cygwin\jdk8u131\8869\hotspot\src\share\vm\prims\jvm.cpp, line 1394]

Events (10 events):
Event: 10.269 loading class org/joda/time/YearMonth
Event: 10.269 loading class org/joda/time/YearMonth done
Event: 10.270 loading class org/joda/time$YearMonth
Event: 10.270 loading class org/joda/time$YearMonth done
Event: 10.276 loading class org/springframework/boot/web/servlet/filter/OrderedCharacterEncodingFilter
Event: 10.276 loading class org/springframework/boot/web/servlet/filter/OrderedCharacterEncodingFilter done
Event: 10.277 loading class com/mysql/cj/exceptions/ExceptionFactory
Event: 10.277 loading class com/mysql/cj/exceptions/ExceptionFactory done
Event: 10.277 loading class org/springframework/boot/web/servlet/server/Encoding$Type
Event: 10.277 loading class org/springframework/boot/web/servlet/server/Encoding$Type done


Dynamic libraries:
0x00007ff79c680000 - 0x00007ff79c6b7000 	C:\Program Files\Java\jre1.8.0_131\bin\javaw.exe
0x00007ffbf0eb0000 - 0x00007ffbf105d000 	C:\Windows\SYSTEM32\ntdll.dll
0x00007ffbeeab0000 - 0x00007ffbeebee000 	C:\Windows\system32\KERNEL32.DLL
0x00007ffbee100000 - 0x00007ffbee215000 	C:\Windows\system32\KERNELBASE.dll
0x00007ffbecba0000 - 0x00007ffbecc2e000 	C:\Windows\system32\apphelp.dll
0x00007ffbcc380000 - 0x00007ffbcc3d3000 	C:\Windows\AppPatch\AppPatch64\AcGenral.DLL
0x00007ffbeec00000 - 0x00007ffbeecaa000 	C:\Windows\system32\msvcrt.dll
0x00007ffbee510000 - 0x00007ffbee53e000 	C:\Windows\system32\SspiCli.dll
0x00007ffbf0af0000 - 0x00007ffbf0b44000 	C:\Windows\system32\SHLWAPI.dll
0x00007ffbee540000 - 0x00007ffbee6b7000 	C:\Windows\system32\USER32.dll
0x00007ffbeecb0000 - 0x00007ffbeee44000 	C:\Windows\system32\ole32.dll
0x00007ffbef5c0000 - 0x00007ffbf0ae9000 	C:\Windows\system32\SHELL32.dll
0x00007ffbed5a0000 - 0x00007ffbed5c1000 	C:\Windows\SYSTEM32\USERENV.dll
0x00007ffbeef80000 - 0x00007ffbef02a000 	C:\Windows\system32\ADVAPI32.dll
0x00007ffbe5600000 - 0x00007ffbe561e000 	C:\Windows\SYSTEM32\MPR.dll
0x00007ffbf0d10000 - 0x00007ffbf0e50000 	C:\Windows\system32\RPCRT4.dll
0x00007ffbee8a0000 - 0x00007ffbee8f9000 	C:\Windows\SYSTEM32\sechost.dll
0x00007ffbef250000 - 0x00007ffbef462000 	C:\Windows\SYSTEM32\combase.dll
0x00007ffbee900000 - 0x00007ffbeea4b000 	C:\Windows\system32\GDI32.dll
0x00007ffbedfe0000 - 0x00007ffbedff5000 	C:\Windows\SYSTEM32\profapi.dll
0x00007ffbec650000 - 0x00007ffbec702000 	C:\Windows\SYSTEM32\SHCORE.dll
0x00007ffbeea70000 - 0x00007ffbeeaa6000 	C:\Windows\system32\IMM32.DLL
0x00007ffbef030000 - 0x00007ffbef182000 	C:\Windows\system32\MSCTF.dll
0x00007ffbeb840000 - 0x00007ffbebabb000 	C:\Windows\WinSxS\amd64_microsoft.windows.common-controls_6595b64144ccf1df_6.0.9600.18006_none_623f33d3ecbe86e8\COMCTL32.dll
0x0000000073b30000 - 0x0000000073c02000 	C:\Program Files\Java\jre1.8.0_131\bin\msvcr100.dll
0x0000000073290000 - 0x0000000073b2c000 	C:\Program Files\Java\jre1.8.0_131\bin\server\jvm.dll
0x00007ffbe6340000 - 0x00007ffbe6349000 	C:\Windows\SYSTEM32\WSOCK32.dll
0x00007ffbe65c0000 - 0x00007ffbe65e2000 	C:\Windows\SYSTEM32\WINMM.dll
0x00007ffbe6d90000 - 0x00007ffbe6d9a000 	C:\Windows\SYSTEM32\VERSION.dll
0x00007ffbef4d0000 - 0x00007ffbef4d7000 	C:\Windows\system32\PSAPI.DLL
0x00007ffbf0e50000 - 0x00007ffbf0eaa000 	C:\Windows\system32\WS2_32.dll
0x00007ffbe6590000 - 0x00007ffbe65ba000 	C:\Windows\SYSTEM32\WINMMBASE.dll
0x00007ffbef4e0000 - 0x00007ffbef4e9000 	C:\Windows\system32\NSI.dll
0x00007ffbee0b0000 - 0x00007ffbee0ff000 	C:\Windows\SYSTEM32\cfgmgr32.dll
0x00007ffbecdf0000 - 0x00007ffbece18000 	C:\Windows\SYSTEM32\DEVOBJ.dll
0x0000000073280000 - 0x000000007328f000 	C:\Program Files\Java\jre1.8.0_131\bin\verify.dll
0x0000000073250000 - 0x0000000073279000 	C:\Program Files\Java\jre1.8.0_131\bin\java.dll
0x0000000073230000 - 0x0000000073246000 	C:\Program Files\Java\jre1.8.0_131\bin\zip.dll
0x0000000073220000 - 0x000000007322d000 	C:\Program Files\Java\jre1.8.0_131\bin\management.dll
0x0000000073200000 - 0x000000007321a000 	C:\Program Files\Java\jre1.8.0_131\bin\net.dll
0x00007ffbed810000 - 0x00007ffbed869000 	C:\Windows\system32\mswsock.dll
0x00000000731e0000 - 0x00000000731f1000 	C:\Program Files\Java\jre1.8.0_131\bin\nio.dll
0x00007ffbdd9d0000 - 0x00007ffbdd9e5000 	C:\Windows\system32\napinsp.dll
0x00007ffbdd9b0000 - 0x00007ffbdd9ca000 	C:\Windows\system32\pnrpnsp.dll
0x00007ffbea230000 - 0x00007ffbea24b000 	C:\Windows\system32\NLAapi.dll
0x00007ffbed610000 - 0x00007ffbed6b4000 	C:\Windows\SYSTEM32\DNSAPI.dll
0x00007ffbdd9a0000 - 0x00007ffbdd9ad000 	C:\Windows\System32\winrnr.dll
0x00007ffbe7370000 - 0x00007ffbe7384000 	C:\Windows\system32\wshbth.dll
0x00000000500e0000 - 0x0000000050106000 	C:\Program Files\Bonjour\mdnsNSP.dll
0x00007ffbe93a0000 - 0x00007ffbe93ca000 	C:\Windows\SYSTEM32\Iphlpapi.DLL
0x00007ffbe9330000 - 0x00007ffbe933a000 	C:\Windows\SYSTEM32\WINNSI.DLL
0x00007ffbdd8f0000 - 0x00007ffbdd8fa000 	C:\Windows\System32\rasadhlp.dll
0x00007ffbe9200000 - 0x00007ffbe926b000 	C:\Windows\System32\fwpuclnt.dll
0x00007ffbed870000 - 0x00007ffbed890000 	C:\Windows\SYSTEM32\CRYPTSP.dll
0x00007ffbed490000 - 0x00007ffbed4c6000 	C:\Windows\system32\rsaenh.dll
0x00007ffbedae0000 - 0x00007ffbedb06000 	C:\Windows\SYSTEM32\bcrypt.dll
0x00007ffbedde0000 - 0x00007ffbede43000 	C:\Windows\system32\bcryptprimitives.dll
0x00007ffbede50000 - 0x00007ffbede5b000 	C:\Windows\SYSTEM32\CRYPTBASE.dll
0x00007ffbe8f40000 - 0x00007ffbe8f56000 	C:\Windows\SYSTEM32\dhcpcsvc6.DLL
0x00007ffbe8f20000 - 0x00007ffbe8f3a000 	C:\Windows\SYSTEM32\dhcpcsvc.DLL
0x00000000731b0000 - 0x00000000731d4000 	C:\Program Files\Java\jre1.8.0_131\bin\sunec.dll
0x00000000731a0000 - 0x00000000731ab000 	C:\Program Files\Java\jre1.8.0_131\bin\sunmscapi.dll
0x00007ffbee220000 - 0x00007ffbee3ff000 	C:\Windows\system32\CRYPT32.dll
0x00007ffbee090000 - 0x00007ffbee0a1000 	C:\Windows\system32\MSASN1.dll

VM Arguments:
jvm_args: -Dcom.sun.management.jmxremote -Dcom.sun.management.jmxremote.port=51759 -Dcom.sun.management.jmxremote.authenticate=false -Dcom.sun.management.jmxremote.ssl=false -Djava.rmi.server.hostname=localhost -Dspring.liveBeansView.mbeanDomain -Dspring.application.admin.enabled=true -Xverify:none -XX:TieredStopAtLevel=1 -Dfile.encoding=Cp1252 
java_command: com.manikhweschool.ManikhweSchoolApplication --spring.output.ansi.enabled=always
java_class_path (initial): C:\Program Files\Java\jre1.8.0_131\lib\resources.jar;C:\Program Files\Java\jre1.8.0_131\lib\rt.jar;C:\Program Files\Java\jre1.8.0_131\lib\jsse.jar;C:\Program Files\Java\jre1.8.0_131\lib\jce.jar;C:\Program Files\Java\jre1.8.0_131\lib\charsets.jar;C:\Program Files\Java\jre1.8.0_131\lib\jfr.jar;C:\Program Files\Java\jre1.8.0_131\lib\ext\access-bridge-64.jar;C:\Program Files\Java\jre1.8.0_131\lib\ext\cldrdata.jar;C:\Program Files\Java\jre1.8.0_131\lib\ext\dnsns.jar;C:\Program Files\Java\jre1.8.0_131\lib\ext\dns_sd.jar;C:\Program Files\Java\jre1.8.0_131\lib\ext\jaccess.jar;C:\Program Files\Java\jre1.8.0_131\lib\ext\jfxrt.jar;C:\Program Files\Java\jre1.8.0_131\lib\ext\localedata.jar;C:\Program Files\Java\jre1.8.0_131\lib\ext\nashorn.jar;C:\Program Files\Java\jre1.8.0_131\lib\ext\sunec.jar;C:\Program Files\Java\jre1.8.0_131\lib\ext\sunjce_provider.jar;C:\Program Files\Java\jre1.8.0_131\lib\ext\sunmscapi.jar;C:\Program Files\Java\jre1.8.0_131\lib\ext\sunpkcs11.jar;C:\Program Files\Java\jre1.8.0_131\lib\ext\zipfs.jar;C:\Users\Test\OneDrive\Documents\My-God's-Path-On-Earth\Manikhwe Programming School\Manikhwe-Programming-School\bin\main;C:\Users\Test\OneDrive\Documents\My-God's-Path-On-Earth\Manikhwe Programming School\Manikhwe-Programming-School\bin\test;C:\Users\Test\OneDrive\Documents\My-God's-Path-On-Earth\Manikhwe Programming School\Manikhwe-Programming-School\bin\default;C:\Users\Test\.gradle\caches\modules-2\files-2.1\org.projectlombok\lombok\1.18.16\6dc192c7f93ec1853f70d59d8a6dcf94eb42866\lombok-1.18.16.jar;C:\Users\Test\.gradle\caches\modules-2\files-2.1\org.springframework.boot\spring-boot-starter-data-jpa\2.4.0\fd0c82c6582c09f9525e40d79e06c314d81daa9d\spring-boot-starter-data-jpa-2.4.0.jar;C:\Users\Test\.gradle\caches\modules-2\files-2.1\org.springframework.boot\spring-boot-starter-thymeleaf\2.4.0\ca0c7db4016cebd7609272f63b05ea61f687a730\spring-boot-starter-thymeleaf-2.4.0.jar;C:\Users\Test\.gradle\caches\modules-2\files-2.1\org.springf
Launcher Type: SUN_STANDARD

Environment Variables:
JAVA_HOME=C:\Program Files\Java\jdk1.8.0_74
PATH=C:/Program Files/Java/jre1.8.0_301/bin/server;C:/Program Files/Java/jre1.8.0_301/bin;C:/Program Files/Java/jre1.8.0_301/lib/amd64;C:\Program Files (x86)\PC Connectivity Solution\;C:\Program Files\Common Files\Oracle\Java\javapath;C:\Program Files (x86)\Common Files\Oracle\Java\javapath;C:\ProgramData\Oracle\Java\javapath;C:\Program Files (x86)\CodeBlocks\MinGW\bin;C:\Program Files (x86)\GtkSharp\2.12\bin;%JAVA_HOME%\bin;C:\Program Files\Microsoft SQL Server\Client SDK\ODBC\130\Tools\Binn\;C:\Program Files (x86)\Microsoft SQL Server\140\Tools\Binn\;C:\Program Files\Microsoft SQL Server\140\Tools\Binn\;C:\Program Files\Microsoft SQL Server\140\DTS\Binn\;C:\Program Files\dotnet\;C:\Program Files\Git LFS;C:\Program Files\Microsoft SQL Server\130\Tools\Binn\;C:\Program Files\nodejs\;C:\Gradle\gradle-7.2-bin\gradle-7.2\bin\C:\Users\Test\AppData\Roaming\npm;C:\flutter\bin;C:\Program Files\Git\cmd;C:\Program Files\Git\mingw64\bin;C:\Program Files\Git\usr\bin;C:\windows\system32;C:\Windows\System32\WindowsPowerShell\v1.0;C:\Program Files\PowerShell\7\;C:\Program Files (x86)\Yarn\bin\;C:\Program Files\Apache Software Foundation\apache-maven-3.5.0\bin;C:\Users\Test\Documents\gradle-5.6.2-bin\gradle-5.6.2\bin;C:\Program Files\heroku\bin;C:\Users\Test\AppData\Roaming\npm;C:\flutter\bin;C:\Users\Test\AppData\Local\Android\Sdk\tools;C:\Users\Test\AppData\Local\Android\Sdk\platform-tools;C:\Users\Test\AppData\Local\Yarn\bin;C:\Users\Test\AppData\Local\Programs\Microsoft VS Code\bin;C:\Users\Test\Downloads\Softwares\spring-tool-suite-3.9.5.RELEASE-e4.8.0-win32-x86_64\sts-bundle\sts-3.9.5.RELEASE;
USERNAME=Test
OS=Windows_NT
PROCESSOR_IDENTIFIER=Intel64 Family 6 Model 42 Stepping 7, GenuineIntel



---------------  S Y S T E M  ---------------

OS: Windows 8.1 , 64 bit Build 9600 (6.3.9600.17415)

CPU:total 2 (initial active 2) (2 cores per cpu, 1 threads per core) family 6 model 42 stepping 7, cmov, cx8, fxsr, mmx, sse, sse2, sse3, ssse3, sse4.1, sse4.2, popcnt, clmul, tsc, tscinvbit

Memory: 4k page, physical 5983776k(909220k free), swap 5983780k(2964k free)

vm_info: Java HotSpot(TM) 64-Bit Server VM (25.131-b11) for windows-amd64 JRE (1.8.0_131-b11), built on Mar 15 2017 01:23:53 by "java_re" with MS VC++ 10.0 (VS2010)

time: Thu Aug 04 04:10:02 2022
elapsed time: 10 seconds (0d 0h 0m 10s)

